<?xml version="1.0" encoding="UTF-8"?>
<!-- Generated by org.testng.reporters.JUnitReportReporter -->
<testsuite hostname="Chaithra-Kota5" failures="0" tests="1" name="ExtentReportDemo" time="0.186" errors="0" timestamp="13 Aug 2019 10:50:17 GMT" skipped="0">
  <testcase classname="ExtentReportDemo" name="demo" time="0.186"/>
</testsuite> <!-- ExtentReportDemo -->
