<?xml version="1.0" encoding="UTF-8"?>
<!-- Generated by org.testng.reporters.JUnitReportReporter -->
<testsuite hostname="Chaithra-Kota5" failures="0" tests="1" name="TestNG.ExtentReportDemo" time="0.798" errors="0" timestamp="18 Aug 2019 16:57:54 GMT" skipped="0">
  <testcase classname="TestNG.ExtentReportDemo" name="demo" time="0.798"/>
</testsuite> <!-- TestNG.ExtentReportDemo -->
